<?xml version="1.0" encoding="UTF-8"?>
<testsuite name="com.cactusseok.book.springwithaws.web.HelloControllerTest" tests="2" skipped="0" failures="0" errors="0" timestamp="2021-09-18T08:01:41" hostname="pittamnunmulmaegbugpeulo.local" time="0.414">
  <properties/>
  <testcase name="hello가_리턴된다()" classname="com.cactusseok.book.springwithaws.web.HelloControllerTest" time="0.279"/>
  <testcase name="helloDto가_리턴된다()" classname="com.cactusseok.book.springwithaws.web.HelloControllerTest" time="0.133"/>
  <system-out><![CDATA[17:01:39.338 [Test worker] DEBUG org.springframework.test.context.BootstrapUtils - Instantiating CacheAwareContextLoaderDelegate from class [org.springframework.test.context.cache.DefaultCacheAwareContextLoaderDelegate]
17:01:39.350 [Test worker] DEBUG org.springframework.test.context.BootstrapUtils - Instantiating BootstrapContext using constructor [public org.springframework.test.context.support.DefaultBootstrapContext(java.lang.Class,org.springframework.test.context.CacheAwareContextLoaderDelegate)]
17:01:39.406 [Test worker] DEBUG org.springframework.test.context.BootstrapUtils - Instantiating TestContextBootstrapper for test class [com.cactusseok.book.springwithaws.web.HelloControllerTest] from class [org.springframework.boot.test.autoconfigure.web.servlet.WebMvcTestContextBootstrapper]
17:01:39.416 [Test worker] INFO org.springframework.boot.test.autoconfigure.web.servlet.WebMvcTestContextBootstrapper - Neither @ContextConfiguration nor @ContextHierarchy found for test class [com.cactusseok.book.springwithaws.web.HelloControllerTest], using SpringBootContextLoader
17:01:39.421 [Test worker] DEBUG org.springframework.test.context.support.AbstractContextLoader - Did not detect default resource location for test class [com.cactusseok.book.springwithaws.web.HelloControllerTest]: class path resource [com/cactusseok/book/springwithaws/web/HelloControllerTest-context.xml] does not exist
17:01:39.421 [Test worker] DEBUG org.springframework.test.context.support.AbstractContextLoader - Did not detect default resource location for test class [com.cactusseok.book.springwithaws.web.HelloControllerTest]: class path resource [com/cactusseok/book/springwithaws/web/HelloControllerTestContext.groovy] does not exist
17:01:39.422 [Test worker] INFO org.springframework.test.context.support.AbstractContextLoader - Could not detect default resource locations for test class [com.cactusseok.book.springwithaws.web.HelloControllerTest]: no resource found for suffixes {-context.xml, Context.groovy}.
17:01:39.422 [Test worker] INFO org.springframework.test.context.support.AnnotationConfigContextLoaderUtils - Could not detect default configuration classes for test class [com.cactusseok.book.springwithaws.web.HelloControllerTest]: HelloControllerTest does not declare any static, non-private, non-final, nested classes annotated with @Configuration.
17:01:39.491 [Test worker] DEBUG org.springframework.test.context.support.ActiveProfilesUtils - Could not find an 'annotation declaring class' for annotation type [org.springframework.test.context.ActiveProfiles] and class [com.cactusseok.book.springwithaws.web.HelloControllerTest]
17:01:39.562 [Test worker] DEBUG org.springframework.context.annotation.ClassPathScanningCandidateComponentProvider - Identified candidate component class: file [/Users/ssugsangpil/book/springwithaws/build/classes/java/main/com/cactusseok/book/springwithaws/SpringWithAwsApplication.class]
17:01:39.563 [Test worker] INFO org.springframework.boot.test.context.SpringBootTestContextBootstrapper - Found @SpringBootConfiguration com.cactusseok.book.springwithaws.SpringWithAwsApplication for test class com.cactusseok.book.springwithaws.web.HelloControllerTest
17:01:39.565 [Test worker] DEBUG org.springframework.boot.test.autoconfigure.web.servlet.WebMvcTestContextBootstrapper - @TestExecutionListeners is not present for class [com.cactusseok.book.springwithaws.web.HelloControllerTest]: using defaults.
17:01:39.566 [Test worker] INFO org.springframework.boot.test.autoconfigure.web.servlet.WebMvcTestContextBootstrapper - Loaded default TestExecutionListener class names from location [META-INF/spring.factories]: [org.springframework.security.test.context.support.WithSecurityContextTestExecutionListener, org.springframework.security.test.context.support.ReactorContextTestExecutionListener, org.springframework.boot.test.autoconfigure.restdocs.RestDocsTestExecutionListener, org.springframework.boot.test.autoconfigure.web.client.MockRestServiceServerResetTestExecutionListener, org.springframework.boot.test.autoconfigure.web.servlet.MockMvcPrintOnlyOnFailureTestExecutionListener, org.springframework.boot.test.autoconfigure.web.servlet.WebDriverTestExecutionListener, org.springframework.boot.test.autoconfigure.webservices.client.MockWebServiceServerTestExecutionListener, org.springframework.boot.test.mock.mockito.MockitoTestExecutionListener, org.springframework.boot.test.mock.mockito.ResetMocksTestExecutionListener, org.springframework.test.context.web.ServletTestExecutionListener, org.springframework.test.context.support.DirtiesContextBeforeModesTestExecutionListener, org.springframework.test.context.event.ApplicationEventsTestExecutionListener, org.springframework.test.context.support.DependencyInjectionTestExecutionListener, org.springframework.test.context.support.DirtiesContextTestExecutionListener, org.springframework.test.context.transaction.TransactionalTestExecutionListener, org.springframework.test.context.jdbc.SqlScriptsTestExecutionListener, org.springframework.test.context.event.EventPublishingTestExecutionListener]
17:01:39.585 [Test worker] INFO org.springframework.boot.test.autoconfigure.web.servlet.WebMvcTestContextBootstrapper - Using TestExecutionListeners: [org.springframework.test.context.web.ServletTestExecutionListener@7fc70b46, org.springframework.test.context.support.DirtiesContextBeforeModesTestExecutionListener@35b07fcb, org.springframework.test.context.event.ApplicationEventsTestExecutionListener@61a3dc67, org.springframework.boot.test.mock.mockito.MockitoTestExecutionListener@25d3327b, org.springframework.boot.test.autoconfigure.SpringBootDependencyInjectionTestExecutionListener@628980bc, org.springframework.test.context.support.DirtiesContextTestExecutionListener@5471e501, org.springframework.test.context.transaction.TransactionalTestExecutionListener@2b4e5b0c, org.springframework.test.context.jdbc.SqlScriptsTestExecutionListener@1732e4f4, org.springframework.security.test.context.support.WithSecurityContextTestExecutionListener@39901ace, org.springframework.test.context.event.EventPublishingTestExecutionListener@6292b910, org.springframework.security.test.context.support.ReactorContextTestExecutionListener@3bdd0875, org.springframework.boot.test.autoconfigure.restdocs.RestDocsTestExecutionListener@3bc85ebe, org.springframework.boot.test.autoconfigure.web.client.MockRestServiceServerResetTestExecutionListener@2b77563, org.springframework.boot.test.autoconfigure.web.servlet.MockMvcPrintOnlyOnFailureTestExecutionListener@759a161c, org.springframework.boot.test.autoconfigure.web.servlet.WebDriverTestExecutionListener@26d7267a, org.springframework.boot.test.autoconfigure.webservices.client.MockWebServiceServerTestExecutionListener@5f93a1b0, org.springframework.boot.test.mock.mockito.ResetMocksTestExecutionListener@6636cb4c]
17:01:39.589 [Test worker] DEBUG org.springframework.test.context.support.AbstractDirtiesContextTestExecutionListener - Before test class: context [DefaultTestContext@4ac4d4d0 testClass = HelloControllerTest, testInstance = [null], testMethod = [null], testException = [null], mergedContextConfiguration = [WebMergedContextConfiguration@4570c011 testClass = HelloControllerTest, locations = '{}', classes = '{class com.cactusseok.book.springwithaws.SpringWithAwsApplication}', contextInitializerClasses = '[]', activeProfiles = '{}', propertySourceLocations = '{}', propertySourceProperties = '{org.springframework.boot.test.autoconfigure.web.servlet.WebMvcTestContextBootstrapper=true}', contextCustomizers = set[org.springframework.boot.test.autoconfigure.OverrideAutoConfigurationContextCustomizerFactory$DisableAutoConfigurationContextCustomizer@27ebcc79, org.springframework.boot.test.autoconfigure.actuate.metrics.MetricsExportContextCustomizerFactory$DisableMetricExportContextCustomizer@11b5e084, org.springframework.boot.test.autoconfigure.filter.TypeExcludeFiltersContextCustomizer@e6536841, org.springframework.boot.test.autoconfigure.properties.PropertyMappingContextCustomizer@fe9a1e64, org.springframework.boot.test.autoconfigure.web.servlet.WebDriverContextCustomizerFactory$Customizer@15cd747, [ImportsContextCustomizer@115ec717 key = [org.springframework.boot.autoconfigure.cache.CacheAutoConfiguration, org.springframework.boot.autoconfigure.context.MessageSourceAutoConfiguration, org.springframework.boot.autoconfigure.data.web.SpringDataWebAutoConfiguration, org.springframework.boot.autoconfigure.freemarker.FreeMarkerAutoConfiguration, org.springframework.boot.autoconfigure.groovy.template.GroovyTemplateAutoConfiguration, org.springframework.boot.autoconfigure.gson.GsonAutoConfiguration, org.springframework.boot.autoconfigure.hateoas.HypermediaAutoConfiguration, org.springframework.boot.autoconfigure.http.HttpMessageConvertersAutoConfiguration, org.springframework.boot.autoconfigure.jackson.JacksonAutoConfiguration, org.springframework.boot.autoconfigure.jsonb.JsonbAutoConfiguration, org.springframework.boot.autoconfigure.mustache.MustacheAutoConfiguration, org.springframework.boot.autoconfigure.task.TaskExecutionAutoConfiguration, org.springframework.boot.autoconfigure.thymeleaf.ThymeleafAutoConfiguration, org.springframework.boot.autoconfigure.validation.ValidationAutoConfiguration, org.springframework.boot.autoconfigure.web.servlet.error.ErrorMvcAutoConfiguration, org.springframework.boot.autoconfigure.web.servlet.HttpEncodingAutoConfiguration, org.springframework.boot.autoconfigure.web.servlet.WebMvcAutoConfiguration, org.springframework.boot.test.autoconfigure.web.servlet.MockMvcAutoConfiguration, org.springframework.boot.test.autoconfigure.web.servlet.MockMvcWebClientAutoConfiguration, org.springframework.boot.test.autoconfigure.web.servlet.MockMvcWebDriverAutoConfiguration, org.springframework.boot.autoconfigure.security.oauth2.client.servlet.OAuth2ClientAutoConfiguration, org.springframework.boot.autoconfigure.security.oauth2.resource.servlet.OAuth2ResourceServerAutoConfiguration, org.springframework.boot.autoconfigure.security.servlet.SecurityAutoConfiguration, org.springframework.boot.autoconfigure.security.servlet.SecurityFilterAutoConfiguration, org.springframework.boot.autoconfigure.security.servlet.UserDetailsServiceAutoConfiguration, org.springframework.boot.test.autoconfigure.web.servlet.MockMvcSecurityConfiguration]], org.springframework.boot.test.context.filter.ExcludeFilterContextCustomizer@485b97b5, org.springframework.boot.test.json.DuplicateJsonObjectContextCustomizerFactory$DuplicateJsonObjectContextCustomizer@6c1e33e3, org.springframework.boot.test.mock.mockito.MockitoContextCustomizer@0, org.springframework.boot.test.context.SpringBootTestArgs@1, org.springframework.boot.test.context.SpringBootTestWebEnvironment@0], resourceBasePath = 'src/main/webapp', contextLoader = 'org.springframework.boot.test.context.SpringBootContextLoader', parent = [null]], attributes = map[[empty]]], class annotated with @DirtiesContext [false] with mode [null].
17:01:39.602 [Test worker] DEBUG org.springframework.test.context.support.DependencyInjectionTestExecutionListener - Performing dependency injection for test context [[DefaultTestContext@4ac4d4d0 testClass = HelloControllerTest, testInstance = com.cactusseok.book.springwithaws.web.HelloControllerTest@c1e67fc, testMethod = [null], testException = [null], mergedContextConfiguration = [WebMergedContextConfiguration@4570c011 testClass = HelloControllerTest, locations = '{}', classes = '{class com.cactusseok.book.springwithaws.SpringWithAwsApplication}', contextInitializerClasses = '[]', activeProfiles = '{}', propertySourceLocations = '{}', propertySourceProperties = '{org.springframework.boot.test.autoconfigure.web.servlet.WebMvcTestContextBootstrapper=true}', contextCustomizers = set[org.springframework.boot.test.autoconfigure.OverrideAutoConfigurationContextCustomizerFactory$DisableAutoConfigurationContextCustomizer@27ebcc79, org.springframework.boot.test.autoconfigure.actuate.metrics.MetricsExportContextCustomizerFactory$DisableMetricExportContextCustomizer@11b5e084, org.springframework.boot.test.autoconfigure.filter.TypeExcludeFiltersContextCustomizer@e6536841, org.springframework.boot.test.autoconfigure.properties.PropertyMappingContextCustomizer@fe9a1e64, org.springframework.boot.test.autoconfigure.web.servlet.WebDriverContextCustomizerFactory$Customizer@15cd747, [ImportsContextCustomizer@115ec717 key = [org.springframework.boot.autoconfigure.cache.CacheAutoConfiguration, org.springframework.boot.autoconfigure.context.MessageSourceAutoConfiguration, org.springframework.boot.autoconfigure.data.web.SpringDataWebAutoConfiguration, org.springframework.boot.autoconfigure.freemarker.FreeMarkerAutoConfiguration, org.springframework.boot.autoconfigure.groovy.template.GroovyTemplateAutoConfiguration, org.springframework.boot.autoconfigure.gson.GsonAutoConfiguration, org.springframework.boot.autoconfigure.hateoas.HypermediaAutoConfiguration, org.springframework.boot.autoconfigure.http.HttpMessageConvertersAutoConfiguration, org.springframework.boot.autoconfigure.jackson.JacksonAutoConfiguration, org.springframework.boot.autoconfigure.jsonb.JsonbAutoConfiguration, org.springframework.boot.autoconfigure.mustache.MustacheAutoConfiguration, org.springframework.boot.autoconfigure.task.TaskExecutionAutoConfiguration, org.springframework.boot.autoconfigure.thymeleaf.ThymeleafAutoConfiguration, org.springframework.boot.autoconfigure.validation.ValidationAutoConfiguration, org.springframework.boot.autoconfigure.web.servlet.error.ErrorMvcAutoConfiguration, org.springframework.boot.autoconfigure.web.servlet.HttpEncodingAutoConfiguration, org.springframework.boot.autoconfigure.web.servlet.WebMvcAutoConfiguration, org.springframework.boot.test.autoconfigure.web.servlet.MockMvcAutoConfiguration, org.springframework.boot.test.autoconfigure.web.servlet.MockMvcWebClientAutoConfiguration, org.springframework.boot.test.autoconfigure.web.servlet.MockMvcWebDriverAutoConfiguration, org.springframework.boot.autoconfigure.security.oauth2.client.servlet.OAuth2ClientAutoConfiguration, org.springframework.boot.autoconfigure.security.oauth2.resource.servlet.OAuth2ResourceServerAutoConfiguration, org.springframework.boot.autoconfigure.security.servlet.SecurityAutoConfiguration, org.springframework.boot.autoconfigure.security.servlet.SecurityFilterAutoConfiguration, org.springframework.boot.autoconfigure.security.servlet.UserDetailsServiceAutoConfiguration, org.springframework.boot.test.autoconfigure.web.servlet.MockMvcSecurityConfiguration]], org.springframework.boot.test.context.filter.ExcludeFilterContextCustomizer@485b97b5, org.springframework.boot.test.json.DuplicateJsonObjectContextCustomizerFactory$DuplicateJsonObjectContextCustomizer@6c1e33e3, org.springframework.boot.test.mock.mockito.MockitoContextCustomizer@0, org.springframework.boot.test.context.SpringBootTestArgs@1, org.springframework.boot.test.context.SpringBootTestWebEnvironment@0], resourceBasePath = 'src/main/webapp', contextLoader = 'org.springframework.boot.test.context.SpringBootContextLoader', parent = [null]], attributes = map['org.springframework.test.context.event.ApplicationEventsTestExecutionListener.recordApplicationEvents' -> false]]].
17:01:39.629 [Test worker] DEBUG org.springframework.test.context.support.TestPropertySourceUtils - Adding inlined properties to environment: {spring.jmx.enabled=false, org.springframework.boot.test.autoconfigure.web.servlet.WebMvcTestContextBootstrapper=true}

  .   ____          _            __ _ _
 /\\ / ___'_ __ _ _(_)_ __  __ _ \ \ \ \
( ( )\___ | '_ | '_| | '_ \/ _` | \ \ \ \
 \\/  ___)| |_)| | | | | || (_| |  ) ) ) )
  '  |____| .__|_| |_|_| |_\__, | / / / /
 =========|_|==============|___/=/_/_/_/
 :: Spring Boot ::                (v2.5.2)

2021-09-18 17:01:39.996  INFO 17167 --- [    Test worker] c.c.b.s.web.HelloControllerTest          : Starting HelloControllerTest using Java 1.8.0_292 on pittamnunmulmaegbugpeulo.local with PID 17167 (started by ssugsangpil in /Users/ssugsangpil/book/springwithaws)
2021-09-18 17:01:39.998  INFO 17167 --- [    Test worker] c.c.b.s.web.HelloControllerTest          : No active profile set, falling back to default profiles: default
2021-09-18 17:01:41.284  INFO 17167 --- [    Test worker] o.s.b.a.w.s.WelcomePageHandlerMapping    : Adding welcome page template: index
2021-09-18 17:01:41.816  INFO 17167 --- [    Test worker] o.s.s.web.DefaultSecurityFilterChain     : Will secure any request with [org.springframework.security.web.context.request.async.WebAsyncManagerIntegrationFilter@2e355126, org.springframework.security.web.context.SecurityContextPersistenceFilter@403b9935, org.springframework.security.web.header.HeaderWriterFilter@8155c48, org.springframework.security.web.csrf.CsrfFilter@464e320e, org.springframework.security.web.authentication.logout.LogoutFilter@5a7013c, org.springframework.security.oauth2.client.web.OAuth2AuthorizationRequestRedirectFilter@1a78a49d, org.springframework.security.oauth2.client.web.OAuth2AuthorizationRequestRedirectFilter@5e95f48e, org.springframework.security.oauth2.client.web.OAuth2LoginAuthenticationFilter@395dc98, org.springframework.security.web.authentication.ui.DefaultLoginPageGeneratingFilter@5ce421c7, org.springframework.security.web.authentication.ui.DefaultLogoutPageGeneratingFilter@33ca9781, org.springframework.security.web.savedrequest.RequestCacheAwareFilter@2c9e7951, org.springframework.security.web.servletapi.SecurityContextHolderAwareRequestFilter@4bf134c2, org.springframework.security.web.authentication.AnonymousAuthenticationFilter@42fb8261, org.springframework.security.oauth2.client.web.OAuth2AuthorizationCodeGrantFilter@25da834a, org.springframework.security.web.session.SessionManagementFilter@2594c01f, org.springframework.security.web.access.ExceptionTranslationFilter@78cf15c7, org.springframework.security.web.access.intercept.FilterSecurityInterceptor@533c9239]
2021-09-18 17:01:41.932  INFO 17167 --- [    Test worker] o.s.b.t.m.w.SpringBootMockServletContext : Initializing Spring TestDispatcherServlet ''
2021-09-18 17:01:41.932  INFO 17167 --- [    Test worker] o.s.t.web.servlet.TestDispatcherServlet  : Initializing Servlet ''
2021-09-18 17:01:41.933  INFO 17167 --- [    Test worker] o.s.t.web.servlet.TestDispatcherServlet  : Completed initialization in 1 ms
2021-09-18 17:01:41.965  INFO 17167 --- [    Test worker] c.c.b.s.web.HelloControllerTest          : Started HelloControllerTest in 2.327 seconds (JVM running for 3.442)
]]></system-out>
  <system-err><![CDATA[]]></system-err>
</testsuite>
