<?xml version="1.0" encoding="UTF-8"?>
<testsuite name="com.cactusseok.book.springwithaws.web.HelloControllerTest" tests="2" skipped="0" failures="0" errors="0" timestamp="2021-09-26T01:57:15" hostname="pittamnunmulmaegbugpeulo.local" time="0.185">
  <properties/>
  <testcase name="hello가_리턴된다()" classname="com.cactusseok.book.springwithaws.web.HelloControllerTest" time="0.092"/>
  <testcase name="helloDto가_리턴된다()" classname="com.cactusseok.book.springwithaws.web.HelloControllerTest" time="0.092"/>
  <system-out><![CDATA[2021-09-26 10:57:15.006  INFO 92179 --- [    Test worker] .b.t.a.w.s.WebMvcTestContextBootstrapper : Neither @ContextConfiguration nor @ContextHierarchy found for test class [com.cactusseok.book.springwithaws.web.HelloControllerTest], using SpringBootContextLoader
2021-09-26 10:57:15.007  INFO 92179 --- [    Test worker] o.s.t.c.support.AbstractContextLoader    : Could not detect default resource locations for test class [com.cactusseok.book.springwithaws.web.HelloControllerTest]: no resource found for suffixes {-context.xml, Context.groovy}.
2021-09-26 10:57:15.008  INFO 92179 --- [    Test worker] t.c.s.AnnotationConfigContextLoaderUtils : Could not detect default configuration classes for test class [com.cactusseok.book.springwithaws.web.HelloControllerTest]: HelloControllerTest does not declare any static, non-private, non-final, nested classes annotated with @Configuration.
2021-09-26 10:57:15.025  INFO 92179 --- [    Test worker] .b.t.c.SpringBootTestContextBootstrapper : Found @SpringBootConfiguration com.cactusseok.book.springwithaws.SpringWithAwsApplication for test class com.cactusseok.book.springwithaws.web.HelloControllerTest
2021-09-26 10:57:15.026  INFO 92179 --- [    Test worker] .b.t.a.w.s.WebMvcTestContextBootstrapper : Loaded default TestExecutionListener class names from location [META-INF/spring.factories]: [org.springframework.security.test.context.support.WithSecurityContextTestExecutionListener, org.springframework.security.test.context.support.ReactorContextTestExecutionListener, org.springframework.boot.test.autoconfigure.restdocs.RestDocsTestExecutionListener, org.springframework.boot.test.autoconfigure.web.client.MockRestServiceServerResetTestExecutionListener, org.springframework.boot.test.autoconfigure.web.servlet.MockMvcPrintOnlyOnFailureTestExecutionListener, org.springframework.boot.test.autoconfigure.web.servlet.WebDriverTestExecutionListener, org.springframework.boot.test.autoconfigure.webservices.client.MockWebServiceServerTestExecutionListener, org.springframework.boot.test.mock.mockito.MockitoTestExecutionListener, org.springframework.boot.test.mock.mockito.ResetMocksTestExecutionListener, org.springframework.test.context.web.ServletTestExecutionListener, org.springframework.test.context.support.DirtiesContextBeforeModesTestExecutionListener, org.springframework.test.context.event.ApplicationEventsTestExecutionListener, org.springframework.test.context.support.DependencyInjectionTestExecutionListener, org.springframework.test.context.support.DirtiesContextTestExecutionListener, org.springframework.test.context.transaction.TransactionalTestExecutionListener, org.springframework.test.context.jdbc.SqlScriptsTestExecutionListener, org.springframework.test.context.event.EventPublishingTestExecutionListener]
2021-09-26 10:57:15.027  INFO 92179 --- [    Test worker] .b.t.a.w.s.WebMvcTestContextBootstrapper : Using TestExecutionListeners: [org.springframework.test.context.web.ServletTestExecutionListener@475a91be, org.springframework.test.context.support.DirtiesContextBeforeModesTestExecutionListener@4c870148, org.springframework.test.context.event.ApplicationEventsTestExecutionListener@6e2fa419, org.springframework.boot.test.mock.mockito.MockitoTestExecutionListener@604a2e28, org.springframework.boot.test.autoconfigure.SpringBootDependencyInjectionTestExecutionListener@730e84fe, org.springframework.test.context.support.DirtiesContextTestExecutionListener@7f74696, org.springframework.test.context.transaction.TransactionalTestExecutionListener@14eb251d, org.springframework.test.context.jdbc.SqlScriptsTestExecutionListener@256172c6, org.springframework.security.test.context.support.WithSecurityContextTestExecutionListener@224f3be0, org.springframework.test.context.event.EventPublishingTestExecutionListener@1f311ac9, org.springframework.security.test.context.support.ReactorContextTestExecutionListener@52bf17ff, org.springframework.boot.test.autoconfigure.restdocs.RestDocsTestExecutionListener@7ce6a82c, org.springframework.boot.test.autoconfigure.web.client.MockRestServiceServerResetTestExecutionListener@27ad1c6b, org.springframework.boot.test.autoconfigure.web.servlet.MockMvcPrintOnlyOnFailureTestExecutionListener@30ddad05, org.springframework.boot.test.autoconfigure.web.servlet.WebDriverTestExecutionListener@1a77540e, org.springframework.boot.test.autoconfigure.webservices.client.MockWebServiceServerTestExecutionListener@531938a4, org.springframework.boot.test.mock.mockito.ResetMocksTestExecutionListener@1c1828e8]

  .   ____          _            __ _ _
 /\\ / ___'_ __ _ _(_)_ __  __ _ \ \ \ \
( ( )\___ | '_ | '_| | '_ \/ _` | \ \ \ \
 \\/  ___)| |_)| | | | | || (_| |  ) ) ) )
  '  |____| .__|_| |_|_| |_\__, | / / / /
 =========|_|==============|___/=/_/_/_/
 :: Spring Boot ::                (v2.5.2)

2021-09-26 10:57:15.053  INFO 92179 --- [    Test worker] c.c.b.s.web.HelloControllerTest          : Starting HelloControllerTest using Java 1.8.0_292 on pittamnunmulmaegbugpeulo.local with PID 92179 (started by ssugsangpil in /Users/ssugsangpil/book/springwithaws)
2021-09-26 10:57:15.054  INFO 92179 --- [    Test worker] c.c.b.s.web.HelloControllerTest          : No active profile set, falling back to default profiles: default
2021-09-26 10:57:15.368  INFO 92179 --- [    Test worker] o.s.b.a.w.s.WelcomePageHandlerMapping    : Adding welcome page template: index
2021-09-26 10:57:15.608  INFO 92179 --- [    Test worker] o.s.s.web.DefaultSecurityFilterChain     : Will secure any request with [org.springframework.security.web.context.request.async.WebAsyncManagerIntegrationFilter@f3d0f0b, org.springframework.security.web.context.SecurityContextPersistenceFilter@2edf7fbb, org.springframework.security.web.header.HeaderWriterFilter@365aabc, org.springframework.security.web.csrf.CsrfFilter@2287b63e, org.springframework.security.web.authentication.logout.LogoutFilter@679d1bb9, org.springframework.security.oauth2.client.web.OAuth2AuthorizationRequestRedirectFilter@d38a7e6, org.springframework.security.oauth2.client.web.OAuth2AuthorizationRequestRedirectFilter@7e434870, org.springframework.security.oauth2.client.web.OAuth2LoginAuthenticationFilter@713c0d89, org.springframework.security.web.authentication.ui.DefaultLoginPageGeneratingFilter@3e74bbb9, org.springframework.security.web.authentication.ui.DefaultLogoutPageGeneratingFilter@75683db8, org.springframework.security.web.savedrequest.RequestCacheAwareFilter@6617f4ff, org.springframework.security.web.servletapi.SecurityContextHolderAwareRequestFilter@480992cb, org.springframework.security.web.authentication.AnonymousAuthenticationFilter@167fe02f, org.springframework.security.oauth2.client.web.OAuth2AuthorizationCodeGrantFilter@2588df8d, org.springframework.security.web.session.SessionManagementFilter@1c4cdaa8, org.springframework.security.web.access.ExceptionTranslationFilter@68341681, org.springframework.security.web.access.intercept.FilterSecurityInterceptor@48d953c2]
2021-09-26 10:57:15.687  INFO 92179 --- [    Test worker] o.s.b.t.m.w.SpringBootMockServletContext : Initializing Spring TestDispatcherServlet ''
2021-09-26 10:57:15.687  INFO 92179 --- [    Test worker] o.s.t.web.servlet.TestDispatcherServlet  : Initializing Servlet ''
2021-09-26 10:57:15.688  INFO 92179 --- [    Test worker] o.s.t.web.servlet.TestDispatcherServlet  : Completed initialization in 0 ms
2021-09-26 10:57:15.701  INFO 92179 --- [    Test worker] c.c.b.s.web.HelloControllerTest          : Started HelloControllerTest in 0.671 seconds (JVM running for 7.725)
]]></system-out>
  <system-err><![CDATA[]]></system-err>
</testsuite>
