<?xml version="1.0" encoding="UTF-8"?>
<testsuite name="com.cactusseok.book.springwithaws.SpringwithawsApplicationTests" tests="1" skipped="0" failures="0" errors="0" timestamp="2021-09-18T08:01:46" hostname="pittamnunmulmaegbugpeulo.local" time="0.004">
  <properties/>
  <testcase name="contextLoads()" classname="com.cactusseok.book.springwithaws.SpringwithawsApplicationTests" time="0.004"/>
  <system-out><![CDATA[2021-09-18 17:01:42.393  INFO 17167 --- [    Test worker] .b.t.c.SpringBootTestContextBootstrapper : Neither @ContextConfiguration nor @ContextHierarchy found for test class [com.cactusseok.book.springwithaws.SpringwithawsApplicationTests], using SpringBootContextLoader
2021-09-18 17:01:42.394  INFO 17167 --- [    Test worker] o.s.t.c.support.AbstractContextLoader    : Could not detect default resource locations for test class [com.cactusseok.book.springwithaws.SpringwithawsApplicationTests]: no resource found for suffixes {-context.xml, Context.groovy}.
2021-09-18 17:01:42.394  INFO 17167 --- [    Test worker] t.c.s.AnnotationConfigContextLoaderUtils : Could not detect default configuration classes for test class [com.cactusseok.book.springwithaws.SpringwithawsApplicationTests]: SpringwithawsApplicationTests does not declare any static, non-private, non-final, nested classes annotated with @Configuration.
2021-09-18 17:01:42.399  INFO 17167 --- [    Test worker] .b.t.c.SpringBootTestContextBootstrapper : Found @SpringBootConfiguration com.cactusseok.book.springwithaws.SpringWithAwsApplication for test class com.cactusseok.book.springwithaws.SpringwithawsApplicationTests
2021-09-18 17:01:42.405  INFO 17167 --- [    Test worker] .b.t.c.SpringBootTestContextBootstrapper : Loaded default TestExecutionListener class names from location [META-INF/spring.factories]: [org.springframework.security.test.context.support.WithSecurityContextTestExecutionListener, org.springframework.security.test.context.support.ReactorContextTestExecutionListener, org.springframework.boot.test.autoconfigure.restdocs.RestDocsTestExecutionListener, org.springframework.boot.test.autoconfigure.web.client.MockRestServiceServerResetTestExecutionListener, org.springframework.boot.test.autoconfigure.web.servlet.MockMvcPrintOnlyOnFailureTestExecutionListener, org.springframework.boot.test.autoconfigure.web.servlet.WebDriverTestExecutionListener, org.springframework.boot.test.autoconfigure.webservices.client.MockWebServiceServerTestExecutionListener, org.springframework.boot.test.mock.mockito.MockitoTestExecutionListener, org.springframework.boot.test.mock.mockito.ResetMocksTestExecutionListener, org.springframework.test.context.web.ServletTestExecutionListener, org.springframework.test.context.support.DirtiesContextBeforeModesTestExecutionListener, org.springframework.test.context.event.ApplicationEventsTestExecutionListener, org.springframework.test.context.support.DependencyInjectionTestExecutionListener, org.springframework.test.context.support.DirtiesContextTestExecutionListener, org.springframework.test.context.transaction.TransactionalTestExecutionListener, org.springframework.test.context.jdbc.SqlScriptsTestExecutionListener, org.springframework.test.context.event.EventPublishingTestExecutionListener]
2021-09-18 17:01:42.406  INFO 17167 --- [    Test worker] .b.t.c.SpringBootTestContextBootstrapper : Using TestExecutionListeners: [org.springframework.test.context.web.ServletTestExecutionListener@661c5e29, org.springframework.test.context.support.DirtiesContextBeforeModesTestExecutionListener@5c26f69e, org.springframework.test.context.event.ApplicationEventsTestExecutionListener@3392c95f, org.springframework.boot.test.mock.mockito.MockitoTestExecutionListener@8bb380a, org.springframework.boot.test.autoconfigure.SpringBootDependencyInjectionTestExecutionListener@cd2d222, org.springframework.test.context.support.DirtiesContextTestExecutionListener@672b4720, org.springframework.test.context.transaction.TransactionalTestExecutionListener@42d6a2ab, org.springframework.test.context.jdbc.SqlScriptsTestExecutionListener@13fcb993, org.springframework.security.test.context.support.WithSecurityContextTestExecutionListener@9253a0c, org.springframework.test.context.event.EventPublishingTestExecutionListener@340a7e4f, org.springframework.security.test.context.support.ReactorContextTestExecutionListener@433e519f, org.springframework.boot.test.autoconfigure.restdocs.RestDocsTestExecutionListener@35f8484a, org.springframework.boot.test.autoconfigure.web.client.MockRestServiceServerResetTestExecutionListener@15adf1a3, org.springframework.boot.test.autoconfigure.web.servlet.MockMvcPrintOnlyOnFailureTestExecutionListener@72b20d5f, org.springframework.boot.test.autoconfigure.web.servlet.WebDriverTestExecutionListener@43b1083f, org.springframework.boot.test.autoconfigure.webservices.client.MockWebServiceServerTestExecutionListener@347ca21b, org.springframework.boot.test.mock.mockito.ResetMocksTestExecutionListener@4e266dde]

  .   ____          _            __ _ _
 /\\ / ___'_ __ _ _(_)_ __  __ _ \ \ \ \
( ( )\___ | '_ | '_| | '_ \/ _` | \ \ \ \
 \\/  ___)| |_)| | | | | || (_| |  ) ) ) )
  '  |____| .__|_| |_|_| |_\__, | / / / /
 =========|_|==============|___/=/_/_/_/
 :: Spring Boot ::                (v2.5.2)

2021-09-18 17:01:42.439  INFO 17167 --- [    Test worker] c.c.b.s.SpringwithawsApplicationTests    : Starting SpringwithawsApplicationTests using Java 1.8.0_292 on pittamnunmulmaegbugpeulo.local with PID 17167 (started by ssugsangpil in /Users/ssugsangpil/book/springwithaws)
2021-09-18 17:01:42.441  INFO 17167 --- [    Test worker] c.c.b.s.SpringwithawsApplicationTests    : No active profile set, falling back to default profiles: default
2021-09-18 17:01:42.787  INFO 17167 --- [    Test worker] .s.d.r.c.RepositoryConfigurationDelegate : Bootstrapping Spring Data JPA repositories in DEFAULT mode.
2021-09-18 17:01:42.838  INFO 17167 --- [    Test worker] .s.d.r.c.RepositoryConfigurationDelegate : Finished Spring Data repository scanning in 44 ms. Found 2 JPA repository interfaces.
2021-09-18 17:01:43.267  INFO 17167 --- [    Test worker] com.zaxxer.hikari.HikariDataSource       : HikariPool-1 - Starting...
2021-09-18 17:01:43.460  INFO 17167 --- [    Test worker] com.zaxxer.hikari.HikariDataSource       : HikariPool-1 - Start completed.
2021-09-18 17:01:43.539  INFO 17167 --- [    Test worker] o.hibernate.jpa.internal.util.LogHelper  : HHH000204: Processing PersistenceUnitInfo [name: default]
2021-09-18 17:01:43.602  INFO 17167 --- [    Test worker] org.hibernate.Version                    : HHH000412: Hibernate ORM core version 5.4.32.Final
2021-09-18 17:01:43.665  INFO 17167 --- [    Test worker] o.hibernate.annotations.common.Version   : HCANN000001: Hibernate Commons Annotations {5.1.2.Final}
2021-09-18 17:01:43.794  INFO 17167 --- [    Test worker] org.hibernate.dialect.Dialect            : HHH000400: Using dialect: org.hibernate.dialect.MySQL57Dialect
Hibernate: drop table if exists posts
Hibernate: drop table if exists user
Hibernate: create table posts (id bigint not null auto_increment, created_date datetime(6), modified_date datetime(6), author varchar(255), content TEXT not null, title varchar(500) not null, primary key (id)) engine=InnoDB
Hibernate: create table user (id bigint not null auto_increment, created_date datetime(6), modified_date datetime(6), email varchar(255) not null, name varchar(255) not null, picture varchar(255), role varchar(255) not null, primary key (id)) engine=InnoDB
2021-09-18 17:01:44.606  INFO 17167 --- [    Test worker] o.h.e.t.j.p.i.JtaPlatformInitiator       : HHH000490: Using JtaPlatform implementation: [org.hibernate.engine.transaction.jta.platform.internal.NoJtaPlatform]
2021-09-18 17:01:44.614  INFO 17167 --- [    Test worker] j.LocalContainerEntityManagerFactoryBean : Initialized JPA EntityManagerFactory for persistence unit 'default'
2021-09-18 17:01:45.064  WARN 17167 --- [    Test worker] JpaBaseConfiguration$JpaWebConfiguration : spring.jpa.open-in-view is enabled by default. Therefore, database queries may be performed during view rendering. Explicitly configure spring.jpa.open-in-view to disable this warning
2021-09-18 17:01:45.428  INFO 17167 --- [    Test worker] o.s.s.web.DefaultSecurityFilterChain     : Will secure any request with [org.springframework.security.web.context.request.async.WebAsyncManagerIntegrationFilter@674cd8be, org.springframework.security.web.context.SecurityContextPersistenceFilter@6451c4ee, org.springframework.security.web.header.HeaderWriterFilter@6a8549e8, org.springframework.security.web.authentication.logout.LogoutFilter@8b481b3, org.springframework.security.oauth2.client.web.OAuth2AuthorizationRequestRedirectFilter@6b22ee84, org.springframework.security.oauth2.client.web.OAuth2LoginAuthenticationFilter@33ec75b, org.springframework.security.web.authentication.ui.DefaultLoginPageGeneratingFilter@7e00ae23, org.springframework.security.web.authentication.ui.DefaultLogoutPageGeneratingFilter@373da6b3, org.springframework.security.web.savedrequest.RequestCacheAwareFilter@2d562c5d, org.springframework.security.web.servletapi.SecurityContextHolderAwareRequestFilter@6ddcfa16, org.springframework.security.web.authentication.AnonymousAuthenticationFilter@4b17281e, org.springframework.security.web.session.SessionManagementFilter@497b4688, org.springframework.security.web.access.ExceptionTranslationFilter@3c5eb213, org.springframework.security.web.access.intercept.FilterSecurityInterceptor@13f86b37]
2021-09-18 17:01:45.670  INFO 17167 --- [    Test worker] o.s.b.a.h2.H2ConsoleAutoConfiguration    : H2 console available at '/h2-console'. Database available at 'jdbc:h2:mem:testdb'
2021-09-18 17:01:45.694  INFO 17167 --- [    Test worker] o.s.b.a.w.s.WelcomePageHandlerMapping    : Adding welcome page template: index
2021-09-18 17:01:46.011  INFO 17167 --- [    Test worker] s.a.ScheduledAnnotationBeanPostProcessor : No TaskScheduler/ScheduledExecutorService bean found for scheduled processing
2021-09-18 17:01:46.019  INFO 17167 --- [    Test worker] c.c.b.s.SpringwithawsApplicationTests    : Started SpringwithawsApplicationTests in 3.61 seconds (JVM running for 7.496)
]]></system-out>
  <system-err><![CDATA[]]></system-err>
</testsuite>
