<?xml version="1.0" encoding="UTF-8"?>
<testsuite name="com.cactusseok.book.springwithaws.web.dto.HelloResponseDtoTest" tests="1" skipped="0" failures="0" errors="0" timestamp="2021-09-24T06:04:02" hostname="pittamnunmulmaegbugpeulo.local" time="0.118">
  <properties/>
  <testcase name="롬복_기능_테스트()" classname="com.cactusseok.book.springwithaws.web.dto.HelloResponseDtoTest" time="0.118"/>
  <system-out><![CDATA[]]></system-out>
  <system-err><![CDATA[]]></system-err>
</testsuite>
