<?xml version="1.0" encoding="UTF-8"?>
<testsuite name="com.cactusseok.book.springwithaws.domain.posts.PostsRepositoryTest" tests="2" skipped="0" failures="0" errors="0" timestamp="2021-09-26T01:57:17" hostname="pittamnunmulmaegbugpeulo.local" time="0.034">
  <properties/>
  <testcase name="게시글저장_불러오기()" classname="com.cactusseok.book.springwithaws.domain.posts.PostsRepositoryTest" time="0.018"/>
  <testcase name="BaseTimeEntity_등록()" classname="com.cactusseok.book.springwithaws.domain.posts.PostsRepositoryTest" time="0.015"/>
  <system-out><![CDATA[2021-09-26 10:57:17.945  INFO 92179 --- [    Test worker] .b.t.c.SpringBootTestContextBootstrapper : Neither @ContextConfiguration nor @ContextHierarchy found for test class [com.cactusseok.book.springwithaws.domain.posts.PostsRepositoryTest], using SpringBootContextLoader
2021-09-26 10:57:17.946  INFO 92179 --- [    Test worker] o.s.t.c.support.AbstractContextLoader    : Could not detect default resource locations for test class [com.cactusseok.book.springwithaws.domain.posts.PostsRepositoryTest]: no resource found for suffixes {-context.xml, Context.groovy}.
2021-09-26 10:57:17.946  INFO 92179 --- [    Test worker] t.c.s.AnnotationConfigContextLoaderUtils : Could not detect default configuration classes for test class [com.cactusseok.book.springwithaws.domain.posts.PostsRepositoryTest]: PostsRepositoryTest does not declare any static, non-private, non-final, nested classes annotated with @Configuration.
2021-09-26 10:57:17.951  INFO 92179 --- [    Test worker] .b.t.c.SpringBootTestContextBootstrapper : Found @SpringBootConfiguration com.cactusseok.book.springwithaws.SpringWithAwsApplication for test class com.cactusseok.book.springwithaws.domain.posts.PostsRepositoryTest
2021-09-26 10:57:17.952  INFO 92179 --- [    Test worker] .b.t.c.SpringBootTestContextBootstrapper : Loaded default TestExecutionListener class names from location [META-INF/spring.factories]: [org.springframework.security.test.context.support.WithSecurityContextTestExecutionListener, org.springframework.security.test.context.support.ReactorContextTestExecutionListener, org.springframework.boot.test.autoconfigure.restdocs.RestDocsTestExecutionListener, org.springframework.boot.test.autoconfigure.web.client.MockRestServiceServerResetTestExecutionListener, org.springframework.boot.test.autoconfigure.web.servlet.MockMvcPrintOnlyOnFailureTestExecutionListener, org.springframework.boot.test.autoconfigure.web.servlet.WebDriverTestExecutionListener, org.springframework.boot.test.autoconfigure.webservices.client.MockWebServiceServerTestExecutionListener, org.springframework.boot.test.mock.mockito.MockitoTestExecutionListener, org.springframework.boot.test.mock.mockito.ResetMocksTestExecutionListener, org.springframework.test.context.web.ServletTestExecutionListener, org.springframework.test.context.support.DirtiesContextBeforeModesTestExecutionListener, org.springframework.test.context.event.ApplicationEventsTestExecutionListener, org.springframework.test.context.support.DependencyInjectionTestExecutionListener, org.springframework.test.context.support.DirtiesContextTestExecutionListener, org.springframework.test.context.transaction.TransactionalTestExecutionListener, org.springframework.test.context.jdbc.SqlScriptsTestExecutionListener, org.springframework.test.context.event.EventPublishingTestExecutionListener]
2021-09-26 10:57:17.953  INFO 92179 --- [    Test worker] .b.t.c.SpringBootTestContextBootstrapper : Using TestExecutionListeners: [org.springframework.test.context.web.ServletTestExecutionListener@309202d3, org.springframework.test.context.support.DirtiesContextBeforeModesTestExecutionListener@540cbbff, org.springframework.test.context.event.ApplicationEventsTestExecutionListener@72387557, org.springframework.boot.test.mock.mockito.MockitoTestExecutionListener@1b70ab27, org.springframework.boot.test.autoconfigure.SpringBootDependencyInjectionTestExecutionListener@3b54b600, org.springframework.test.context.support.DirtiesContextTestExecutionListener@a3631d6, org.springframework.test.context.transaction.TransactionalTestExecutionListener@3b156f0a, org.springframework.test.context.jdbc.SqlScriptsTestExecutionListener@25a2c2dc, org.springframework.security.test.context.support.WithSecurityContextTestExecutionListener@3b5894de, org.springframework.test.context.event.EventPublishingTestExecutionListener@5baae2, org.springframework.security.test.context.support.ReactorContextTestExecutionListener@1026e8dc, org.springframework.boot.test.autoconfigure.restdocs.RestDocsTestExecutionListener@23a16c26, org.springframework.boot.test.autoconfigure.web.client.MockRestServiceServerResetTestExecutionListener@5ca0e2e8, org.springframework.boot.test.autoconfigure.web.servlet.MockMvcPrintOnlyOnFailureTestExecutionListener@1f15f24, org.springframework.boot.test.autoconfigure.web.servlet.WebDriverTestExecutionListener@263637ce, org.springframework.boot.test.autoconfigure.webservices.client.MockWebServiceServerTestExecutionListener@e5ebf72, org.springframework.boot.test.mock.mockito.ResetMocksTestExecutionListener@55b2abf3]
Hibernate: insert into posts (created_date, modified_date, author, content, title) values (?, ?, ?, ?, ?)
Hibernate: select posts0_.id as id1_0_, posts0_.created_date as created_2_0_, posts0_.modified_date as modified3_0_, posts0_.author as author4_0_, posts0_.content as content5_0_, posts0_.title as title6_0_ from posts posts0_
Hibernate: select posts0_.id as id1_0_, posts0_.created_date as created_2_0_, posts0_.modified_date as modified3_0_, posts0_.author as author4_0_, posts0_.content as content5_0_, posts0_.title as title6_0_ from posts posts0_
Hibernate: delete from posts where id=?
Hibernate: insert into posts (created_date, modified_date, author, content, title) values (?, ?, ?, ?, ?)
Hibernate: select posts0_.id as id1_0_, posts0_.created_date as created_2_0_, posts0_.modified_date as modified3_0_, posts0_.author as author4_0_, posts0_.content as content5_0_, posts0_.title as title6_0_ from posts posts0_
>>>>>>> createdDate=2021-09-26T10:57:17.977, modifiedDate=2021-09-26T10:57:17.977
Hibernate: select posts0_.id as id1_0_, posts0_.created_date as created_2_0_, posts0_.modified_date as modified3_0_, posts0_.author as author4_0_, posts0_.content as content5_0_, posts0_.title as title6_0_ from posts posts0_
Hibernate: delete from posts where id=?
]]></system-out>
  <system-err><![CDATA[]]></system-err>
</testsuite>
