<?xml version="1.0" encoding="UTF-8"?>
<testsuite name="com.cactusseok.book.springwithaws.web.HelloControllerTest" tests="2" skipped="0" failures="0" errors="0" timestamp="2021-09-24T06:04:03" hostname="pittamnunmulmaegbugpeulo.local" time="0.183">
  <properties/>
  <testcase name="hello가_리턴된다()" classname="com.cactusseok.book.springwithaws.web.HelloControllerTest" time="0.084"/>
  <testcase name="helloDto가_리턴된다()" classname="com.cactusseok.book.springwithaws.web.HelloControllerTest" time="0.097"/>
  <system-out><![CDATA[2021-09-24 15:04:02.675  INFO 69743 --- [    Test worker] .b.t.a.w.s.WebMvcTestContextBootstrapper : Neither @ContextConfiguration nor @ContextHierarchy found for test class [com.cactusseok.book.springwithaws.web.HelloControllerTest], using SpringBootContextLoader
2021-09-24 15:04:02.676  INFO 69743 --- [    Test worker] o.s.t.c.support.AbstractContextLoader    : Could not detect default resource locations for test class [com.cactusseok.book.springwithaws.web.HelloControllerTest]: no resource found for suffixes {-context.xml, Context.groovy}.
2021-09-24 15:04:02.677  INFO 69743 --- [    Test worker] t.c.s.AnnotationConfigContextLoaderUtils : Could not detect default configuration classes for test class [com.cactusseok.book.springwithaws.web.HelloControllerTest]: HelloControllerTest does not declare any static, non-private, non-final, nested classes annotated with @Configuration.
2021-09-24 15:04:02.701  INFO 69743 --- [    Test worker] .b.t.c.SpringBootTestContextBootstrapper : Found @SpringBootConfiguration com.cactusseok.book.springwithaws.SpringWithAwsApplication for test class com.cactusseok.book.springwithaws.web.HelloControllerTest
2021-09-24 15:04:02.702  INFO 69743 --- [    Test worker] .b.t.a.w.s.WebMvcTestContextBootstrapper : Loaded default TestExecutionListener class names from location [META-INF/spring.factories]: [org.springframework.security.test.context.support.WithSecurityContextTestExecutionListener, org.springframework.security.test.context.support.ReactorContextTestExecutionListener, org.springframework.boot.test.autoconfigure.restdocs.RestDocsTestExecutionListener, org.springframework.boot.test.autoconfigure.web.client.MockRestServiceServerResetTestExecutionListener, org.springframework.boot.test.autoconfigure.web.servlet.MockMvcPrintOnlyOnFailureTestExecutionListener, org.springframework.boot.test.autoconfigure.web.servlet.WebDriverTestExecutionListener, org.springframework.boot.test.autoconfigure.webservices.client.MockWebServiceServerTestExecutionListener, org.springframework.boot.test.mock.mockito.MockitoTestExecutionListener, org.springframework.boot.test.mock.mockito.ResetMocksTestExecutionListener, org.springframework.test.context.web.ServletTestExecutionListener, org.springframework.test.context.support.DirtiesContextBeforeModesTestExecutionListener, org.springframework.test.context.event.ApplicationEventsTestExecutionListener, org.springframework.test.context.support.DependencyInjectionTestExecutionListener, org.springframework.test.context.support.DirtiesContextTestExecutionListener, org.springframework.test.context.transaction.TransactionalTestExecutionListener, org.springframework.test.context.jdbc.SqlScriptsTestExecutionListener, org.springframework.test.context.event.EventPublishingTestExecutionListener]
2021-09-24 15:04:02.703  INFO 69743 --- [    Test worker] .b.t.a.w.s.WebMvcTestContextBootstrapper : Using TestExecutionListeners: [org.springframework.test.context.web.ServletTestExecutionListener@10720d6c, org.springframework.test.context.support.DirtiesContextBeforeModesTestExecutionListener@290cfdfc, org.springframework.test.context.event.ApplicationEventsTestExecutionListener@76cfa706, org.springframework.boot.test.mock.mockito.MockitoTestExecutionListener@f1f9916, org.springframework.boot.test.autoconfigure.SpringBootDependencyInjectionTestExecutionListener@f06fcf4, org.springframework.test.context.support.DirtiesContextTestExecutionListener@412b13f5, org.springframework.test.context.transaction.TransactionalTestExecutionListener@4ad77b41, org.springframework.test.context.jdbc.SqlScriptsTestExecutionListener@39738c24, org.springframework.security.test.context.support.WithSecurityContextTestExecutionListener@12a36a2, org.springframework.test.context.event.EventPublishingTestExecutionListener@188729c9, org.springframework.security.test.context.support.ReactorContextTestExecutionListener@697b44eb, org.springframework.boot.test.autoconfigure.restdocs.RestDocsTestExecutionListener@4cccf74c, org.springframework.boot.test.autoconfigure.web.client.MockRestServiceServerResetTestExecutionListener@1c835751, org.springframework.boot.test.autoconfigure.web.servlet.MockMvcPrintOnlyOnFailureTestExecutionListener@3debfc69, org.springframework.boot.test.autoconfigure.web.servlet.WebDriverTestExecutionListener@e04ab23, org.springframework.boot.test.autoconfigure.webservices.client.MockWebServiceServerTestExecutionListener@25d94b38, org.springframework.boot.test.mock.mockito.ResetMocksTestExecutionListener@23e6b90d]

  .   ____          _            __ _ _
 /\\ / ___'_ __ _ _(_)_ __  __ _ \ \ \ \
( ( )\___ | '_ | '_| | '_ \/ _` | \ \ \ \
 \\/  ___)| |_)| | | | | || (_| |  ) ) ) )
  '  |____| .__|_| |_|_| |_\__, | / / / /
 =========|_|==============|___/=/_/_/_/
 :: Spring Boot ::                (v2.5.2)

2021-09-24 15:04:02.732  INFO 69743 --- [    Test worker] c.c.b.s.web.HelloControllerTest          : Starting HelloControllerTest using Java 1.8.0_292 on pittamnunmulmaegbugpeulo.local with PID 69743 (started by ssugsangpil in /Users/ssugsangpil/book/springwithaws)
2021-09-24 15:04:02.733  INFO 69743 --- [    Test worker] c.c.b.s.web.HelloControllerTest          : No active profile set, falling back to default profiles: default
2021-09-24 15:04:03.065  INFO 69743 --- [    Test worker] o.s.b.a.w.s.WelcomePageHandlerMapping    : Adding welcome page template: index
2021-09-24 15:04:03.295  INFO 69743 --- [    Test worker] o.s.s.web.DefaultSecurityFilterChain     : Will secure any request with [org.springframework.security.web.context.request.async.WebAsyncManagerIntegrationFilter@77d1c6ea, org.springframework.security.web.context.SecurityContextPersistenceFilter@752f7971, org.springframework.security.web.header.HeaderWriterFilter@67d78763, org.springframework.security.web.csrf.CsrfFilter@2cdae90e, org.springframework.security.web.authentication.logout.LogoutFilter@2525b20d, org.springframework.security.oauth2.client.web.OAuth2AuthorizationRequestRedirectFilter@79338a4, org.springframework.security.oauth2.client.web.OAuth2AuthorizationRequestRedirectFilter@64205c32, org.springframework.security.oauth2.client.web.OAuth2LoginAuthenticationFilter@4b085a6b, org.springframework.security.web.authentication.ui.DefaultLoginPageGeneratingFilter@4d4738ad, org.springframework.security.web.authentication.ui.DefaultLogoutPageGeneratingFilter@2465fc2b, org.springframework.security.web.savedrequest.RequestCacheAwareFilter@18ae1490, org.springframework.security.web.servletapi.SecurityContextHolderAwareRequestFilter@43196479, org.springframework.security.web.authentication.AnonymousAuthenticationFilter@68c0b9e1, org.springframework.security.oauth2.client.web.OAuth2AuthorizationCodeGrantFilter@1eaa586e, org.springframework.security.web.session.SessionManagementFilter@1cbe900e, org.springframework.security.web.access.ExceptionTranslationFilter@7b52d7cb, org.springframework.security.web.access.intercept.FilterSecurityInterceptor@6f3059a5]
2021-09-24 15:04:03.384  INFO 69743 --- [    Test worker] o.s.b.t.m.w.SpringBootMockServletContext : Initializing Spring TestDispatcherServlet ''
2021-09-24 15:04:03.384  INFO 69743 --- [    Test worker] o.s.t.web.servlet.TestDispatcherServlet  : Initializing Servlet ''
2021-09-24 15:04:03.385  INFO 69743 --- [    Test worker] o.s.t.web.servlet.TestDispatcherServlet  : Completed initialization in 0 ms
2021-09-24 15:04:03.399  INFO 69743 --- [    Test worker] c.c.b.s.web.HelloControllerTest          : Started HelloControllerTest in 0.691 seconds (JVM running for 8.772)
]]></system-out>
  <system-err><![CDATA[]]></system-err>
</testsuite>
