<?xml version="1.0" encoding="UTF-8"?>
<testsuite name="com.cactusseok.book.springwithaws.SpringwithawsApplicationTests" tests="1" skipped="0" failures="0" errors="0" timestamp="2021-09-24T06:04:02" hostname="pittamnunmulmaegbugpeulo.local" time="0.101">
  <properties/>
  <testcase name="contextLoads()" classname="com.cactusseok.book.springwithaws.SpringwithawsApplicationTests" time="0.101"/>
  <system-out><![CDATA[15:03:55.647 [Test worker] DEBUG org.springframework.test.context.BootstrapUtils - Instantiating CacheAwareContextLoaderDelegate from class [org.springframework.test.context.cache.DefaultCacheAwareContextLoaderDelegate]
15:03:55.664 [Test worker] DEBUG org.springframework.test.context.BootstrapUtils - Instantiating BootstrapContext using constructor [public org.springframework.test.context.support.DefaultBootstrapContext(java.lang.Class,org.springframework.test.context.CacheAwareContextLoaderDelegate)]
15:03:55.702 [Test worker] DEBUG org.springframework.test.context.BootstrapUtils - Instantiating TestContextBootstrapper for test class [com.cactusseok.book.springwithaws.SpringwithawsApplicationTests] from class [org.springframework.boot.test.context.SpringBootTestContextBootstrapper]
15:03:55.724 [Test worker] INFO org.springframework.boot.test.context.SpringBootTestContextBootstrapper - Neither @ContextConfiguration nor @ContextHierarchy found for test class [com.cactusseok.book.springwithaws.SpringwithawsApplicationTests], using SpringBootContextLoader
15:03:55.728 [Test worker] DEBUG org.springframework.test.context.support.AbstractContextLoader - Did not detect default resource location for test class [com.cactusseok.book.springwithaws.SpringwithawsApplicationTests]: class path resource [com/cactusseok/book/springwithaws/SpringwithawsApplicationTests-context.xml] does not exist
15:03:55.728 [Test worker] DEBUG org.springframework.test.context.support.AbstractContextLoader - Did not detect default resource location for test class [com.cactusseok.book.springwithaws.SpringwithawsApplicationTests]: class path resource [com/cactusseok/book/springwithaws/SpringwithawsApplicationTestsContext.groovy] does not exist
15:03:55.729 [Test worker] INFO org.springframework.test.context.support.AbstractContextLoader - Could not detect default resource locations for test class [com.cactusseok.book.springwithaws.SpringwithawsApplicationTests]: no resource found for suffixes {-context.xml, Context.groovy}.
15:03:55.730 [Test worker] INFO org.springframework.test.context.support.AnnotationConfigContextLoaderUtils - Could not detect default configuration classes for test class [com.cactusseok.book.springwithaws.SpringwithawsApplicationTests]: SpringwithawsApplicationTests does not declare any static, non-private, non-final, nested classes annotated with @Configuration.
15:03:55.781 [Test worker] DEBUG org.springframework.test.context.support.ActiveProfilesUtils - Could not find an 'annotation declaring class' for annotation type [org.springframework.test.context.ActiveProfiles] and class [com.cactusseok.book.springwithaws.SpringwithawsApplicationTests]
15:03:55.840 [Test worker] DEBUG org.springframework.context.annotation.ClassPathScanningCandidateComponentProvider - Identified candidate component class: file [/Users/ssugsangpil/book/springwithaws/build/classes/java/main/com/cactusseok/book/springwithaws/SpringWithAwsApplication.class]
15:03:55.841 [Test worker] INFO org.springframework.boot.test.context.SpringBootTestContextBootstrapper - Found @SpringBootConfiguration com.cactusseok.book.springwithaws.SpringWithAwsApplication for test class com.cactusseok.book.springwithaws.SpringwithawsApplicationTests
15:03:55.940 [Test worker] DEBUG org.springframework.boot.test.context.SpringBootTestContextBootstrapper - @TestExecutionListeners is not present for class [com.cactusseok.book.springwithaws.SpringwithawsApplicationTests]: using defaults.
15:03:55.940 [Test worker] INFO org.springframework.boot.test.context.SpringBootTestContextBootstrapper - Loaded default TestExecutionListener class names from location [META-INF/spring.factories]: [org.springframework.security.test.context.support.WithSecurityContextTestExecutionListener, org.springframework.security.test.context.support.ReactorContextTestExecutionListener, org.springframework.boot.test.autoconfigure.restdocs.RestDocsTestExecutionListener, org.springframework.boot.test.autoconfigure.web.client.MockRestServiceServerResetTestExecutionListener, org.springframework.boot.test.autoconfigure.web.servlet.MockMvcPrintOnlyOnFailureTestExecutionListener, org.springframework.boot.test.autoconfigure.web.servlet.WebDriverTestExecutionListener, org.springframework.boot.test.autoconfigure.webservices.client.MockWebServiceServerTestExecutionListener, org.springframework.boot.test.mock.mockito.MockitoTestExecutionListener, org.springframework.boot.test.mock.mockito.ResetMocksTestExecutionListener, org.springframework.test.context.web.ServletTestExecutionListener, org.springframework.test.context.support.DirtiesContextBeforeModesTestExecutionListener, org.springframework.test.context.event.ApplicationEventsTestExecutionListener, org.springframework.test.context.support.DependencyInjectionTestExecutionListener, org.springframework.test.context.support.DirtiesContextTestExecutionListener, org.springframework.test.context.transaction.TransactionalTestExecutionListener, org.springframework.test.context.jdbc.SqlScriptsTestExecutionListener, org.springframework.test.context.event.EventPublishingTestExecutionListener]
15:03:55.970 [Test worker] INFO org.springframework.boot.test.context.SpringBootTestContextBootstrapper - Using TestExecutionListeners: [org.springframework.test.context.web.ServletTestExecutionListener@2ec349de, org.springframework.test.context.support.DirtiesContextBeforeModesTestExecutionListener@10f82f26, org.springframework.test.context.event.ApplicationEventsTestExecutionListener@2496dfad, org.springframework.boot.test.mock.mockito.MockitoTestExecutionListener@7ed8983a, org.springframework.boot.test.autoconfigure.SpringBootDependencyInjectionTestExecutionListener@4ae1a386, org.springframework.test.context.support.DirtiesContextTestExecutionListener@1b3124e3, org.springframework.test.context.transaction.TransactionalTestExecutionListener@9c8eb9f, org.springframework.test.context.jdbc.SqlScriptsTestExecutionListener@336bbbd4, org.springframework.security.test.context.support.WithSecurityContextTestExecutionListener@7451c3ac, org.springframework.test.context.event.EventPublishingTestExecutionListener@6655e7f9, org.springframework.security.test.context.support.ReactorContextTestExecutionListener@288f6cbf, org.springframework.boot.test.autoconfigure.restdocs.RestDocsTestExecutionListener@46d4c761, org.springframework.boot.test.autoconfigure.web.client.MockRestServiceServerResetTestExecutionListener@3c6230b4, org.springframework.boot.test.autoconfigure.web.servlet.MockMvcPrintOnlyOnFailureTestExecutionListener@75c172ee, org.springframework.boot.test.autoconfigure.web.servlet.WebDriverTestExecutionListener@2678127d, org.springframework.boot.test.autoconfigure.webservices.client.MockWebServiceServerTestExecutionListener@46f7261c, org.springframework.boot.test.mock.mockito.ResetMocksTestExecutionListener@6b3d49e6]
15:03:55.974 [Test worker] DEBUG org.springframework.test.context.support.AbstractDirtiesContextTestExecutionListener - Before test class: context [DefaultTestContext@3dc244b2 testClass = SpringwithawsApplicationTests, testInstance = [null], testMethod = [null], testException = [null], mergedContextConfiguration = [WebMergedContextConfiguration@1608f7c4 testClass = SpringwithawsApplicationTests, locations = '{}', classes = '{class com.cactusseok.book.springwithaws.SpringWithAwsApplication}', contextInitializerClasses = '[]', activeProfiles = '{}', propertySourceLocations = '{}', propertySourceProperties = '{org.springframework.boot.test.context.SpringBootTestContextBootstrapper=true}', contextCustomizers = set[org.springframework.boot.test.autoconfigure.actuate.metrics.MetricsExportContextCustomizerFactory$DisableMetricExportContextCustomizer@1b3935bc, org.springframework.boot.test.autoconfigure.properties.PropertyMappingContextCustomizer@0, org.springframework.boot.test.autoconfigure.web.servlet.WebDriverContextCustomizerFactory$Customizer@18d7e5c4, org.springframework.boot.test.context.filter.ExcludeFilterContextCustomizer@507382ea, org.springframework.boot.test.json.DuplicateJsonObjectContextCustomizerFactory$DuplicateJsonObjectContextCustomizer@1bbc960a, org.springframework.boot.test.mock.mockito.MockitoContextCustomizer@0, org.springframework.boot.test.web.client.TestRestTemplateContextCustomizer@7678bf40, org.springframework.boot.test.context.SpringBootTestArgs@1, org.springframework.boot.test.context.SpringBootTestWebEnvironment@87c264b], resourceBasePath = 'src/main/webapp', contextLoader = 'org.springframework.boot.test.context.SpringBootContextLoader', parent = [null]], attributes = map['org.springframework.test.context.web.ServletTestExecutionListener.activateListener' -> true]], class annotated with @DirtiesContext [false] with mode [null].
15:03:56.009 [Test worker] DEBUG org.springframework.test.context.support.TestPropertySourceUtils - Adding inlined properties to environment: {spring.jmx.enabled=false, org.springframework.boot.test.context.SpringBootTestContextBootstrapper=true}

  .   ____          _            __ _ _
 /\\ / ___'_ __ _ _(_)_ __  __ _ \ \ \ \
( ( )\___ | '_ | '_| | '_ \/ _` | \ \ \ \
 \\/  ___)| |_)| | | | | || (_| |  ) ) ) )
  '  |____| .__|_| |_|_| |_\__, | / / / /
 =========|_|==============|___/=/_/_/_/
 :: Spring Boot ::                (v2.5.2)

2021-09-24 15:03:56.550  INFO 69743 --- [    Test worker] c.c.b.s.SpringwithawsApplicationTests    : Starting SpringwithawsApplicationTests using Java 1.8.0_292 on pittamnunmulmaegbugpeulo.local with PID 69743 (started by ssugsangpil in /Users/ssugsangpil/book/springwithaws)
2021-09-24 15:03:56.553  INFO 69743 --- [    Test worker] c.c.b.s.SpringwithawsApplicationTests    : No active profile set, falling back to default profiles: default
2021-09-24 15:03:57.422  INFO 69743 --- [    Test worker] .s.d.r.c.RepositoryConfigurationDelegate : Bootstrapping Spring Data JPA repositories in DEFAULT mode.
2021-09-24 15:03:57.506  INFO 69743 --- [    Test worker] .s.d.r.c.RepositoryConfigurationDelegate : Finished Spring Data repository scanning in 72 ms. Found 2 JPA repository interfaces.
2021-09-24 15:03:58.239  INFO 69743 --- [    Test worker] com.zaxxer.hikari.HikariDataSource       : HikariPool-1 - Starting...
2021-09-24 15:03:58.531  INFO 69743 --- [    Test worker] com.zaxxer.hikari.HikariDataSource       : HikariPool-1 - Start completed.
2021-09-24 15:03:58.622  INFO 69743 --- [    Test worker] o.hibernate.jpa.internal.util.LogHelper  : HHH000204: Processing PersistenceUnitInfo [name: default]
2021-09-24 15:03:58.735  INFO 69743 --- [    Test worker] org.hibernate.Version                    : HHH000412: Hibernate ORM core version 5.4.32.Final
2021-09-24 15:03:58.974  INFO 69743 --- [    Test worker] o.hibernate.annotations.common.Version   : HCANN000001: Hibernate Commons Annotations {5.1.2.Final}
2021-09-24 15:03:59.142  INFO 69743 --- [    Test worker] org.hibernate.dialect.Dialect            : HHH000400: Using dialect: org.hibernate.dialect.MySQL57Dialect
Hibernate: drop table if exists posts
Hibernate: drop table if exists user
Hibernate: create table posts (id bigint not null auto_increment, created_date datetime(6), modified_date datetime(6), author varchar(255), content TEXT not null, title varchar(500) not null, primary key (id)) engine=InnoDB
Hibernate: create table user (id bigint not null auto_increment, created_date datetime(6), modified_date datetime(6), email varchar(255) not null, name varchar(255) not null, picture varchar(255), role varchar(255) not null, primary key (id)) engine=InnoDB
2021-09-24 15:04:00.013  INFO 69743 --- [    Test worker] o.h.e.t.j.p.i.JtaPlatformInitiator       : HHH000490: Using JtaPlatform implementation: [org.hibernate.engine.transaction.jta.platform.internal.NoJtaPlatform]
2021-09-24 15:04:00.024  INFO 69743 --- [    Test worker] j.LocalContainerEntityManagerFactoryBean : Initialized JPA EntityManagerFactory for persistence unit 'default'
2021-09-24 15:04:00.624  WARN 69743 --- [    Test worker] JpaBaseConfiguration$JpaWebConfiguration : spring.jpa.open-in-view is enabled by default. Therefore, database queries may be performed during view rendering. Explicitly configure spring.jpa.open-in-view to disable this warning
2021-09-24 15:04:01.412  INFO 69743 --- [    Test worker] o.s.s.web.DefaultSecurityFilterChain     : Will secure any request with [org.springframework.security.web.context.request.async.WebAsyncManagerIntegrationFilter@3facd006, org.springframework.security.web.context.SecurityContextPersistenceFilter@1c3aad61, org.springframework.security.web.header.HeaderWriterFilter@4fcbe177, org.springframework.security.web.authentication.logout.LogoutFilter@7c610000, org.springframework.security.oauth2.client.web.OAuth2AuthorizationRequestRedirectFilter@5336e93c, org.springframework.security.oauth2.client.web.OAuth2LoginAuthenticationFilter@76910716, org.springframework.security.web.authentication.ui.DefaultLoginPageGeneratingFilter@4de8a33b, org.springframework.security.web.authentication.ui.DefaultLogoutPageGeneratingFilter@3e19b3a8, org.springframework.security.web.savedrequest.RequestCacheAwareFilter@5637c8aa, org.springframework.security.web.servletapi.SecurityContextHolderAwareRequestFilter@578b3c76, org.springframework.security.web.authentication.AnonymousAuthenticationFilter@46b0ff72, org.springframework.security.web.session.SessionManagementFilter@5a1d55cf, org.springframework.security.web.access.ExceptionTranslationFilter@292cdaca, org.springframework.security.web.access.intercept.FilterSecurityInterceptor@44730c11]
2021-09-24 15:04:01.945  INFO 69743 --- [    Test worker] o.s.b.a.h2.H2ConsoleAutoConfiguration    : H2 console available at '/h2-console'. Database available at 'jdbc:h2:mem:testdb'
2021-09-24 15:04:02.009  INFO 69743 --- [    Test worker] o.s.b.a.w.s.WelcomePageHandlerMapping    : Adding welcome page template: index
2021-09-24 15:04:02.407  INFO 69743 --- [    Test worker] s.a.ScheduledAnnotationBeanPostProcessor : No TaskScheduler/ScheduledExecutorService bean found for scheduled processing
2021-09-24 15:04:02.419  INFO 69743 --- [    Test worker] c.c.b.s.SpringwithawsApplicationTests    : Started SpringwithawsApplicationTests in 6.4 seconds (JVM running for 7.792)
]]></system-out>
  <system-err><![CDATA[]]></system-err>
</testsuite>
